2022-05-30 17:46:00,011 - INFO - views - views.py - check MoviesView
2022-05-30 17:46:03,231 - INFO - views - views.py - check MoviesView
2022-05-30 17:48:01,817 - INFO - views - views.py - check MovieRentalView
2022-05-30 17:48:17,859 - INFO - views - views.py - check MoviesView
2022-05-30 17:48:30,854 - INFO - views - views.py - check RentView
2022-05-30 17:49:17,019 - INFO - views - views.py - check RentView
2022-05-30 17:54:37,137 - INFO - views - views.py - check RentView
2022-05-30 17:54:38,433 - INFO - views - views.py - check MembersView
2022-05-30 17:54:40,870 - INFO - views - views.py - check MoviesView
2022-05-30 17:54:41,878 - INFO - views - views.py - check MovieRentalView
2022-05-30 17:54:43,676 - INFO - views - views.py - check MovieRentalInfoView
2022-05-30 17:54:44,773 - INFO - views - views.py - check ActorView
2022-05-30 17:54:47,364 - INFO - views - views.py - check LogoutView
2022-05-30 17:54:47,383 - INFO - views - views.py - check RentView
2022-05-30 17:54:49,203 - INFO - views - views.py - check LoginView
2022-05-30 17:54:57,851 - INFO - views - views.py - check LoginView
2022-05-30 17:54:58,012 - INFO - views - views.py - check RentView
2022-05-30 17:55:11,503 - INFO - views - views.py - check MoviesView
2022-05-30 17:55:14,020 - INFO - views - views.py - check MovieDetailView
2022-05-30 18:26:11,535 - INFO - views - views.py - check RentView
2022-05-30 18:26:44,038 - INFO - views - views.py - check MovieRentalView
2022-05-30 18:26:46,211 - INFO - views - views.py - check RentView
2022-05-30 18:27:01,279 - INFO - views - views.py - check RentView
2022-05-30 18:29:12,137 - INFO - views - views.py - check MovieRentalView
2022-05-30 18:36:04,730 - INFO - views - views.py - check RentView
2022-05-30 18:36:06,423 - INFO - views - views.py - check MoviesView
2022-05-30 18:36:07,291 - INFO - views - views.py - check MovieRentalView
2022-05-30 18:36:16,142 - INFO - views - views.py - check MovieRentalView
2022-05-30 18:36:39,747 - INFO - views - views.py - check RentView
2022-05-30 18:38:42,312 - INFO - views - views.py - check RentView
2022-05-30 18:38:56,648 - INFO - views - views.py - check MovieRentalView
2022-05-30 18:39:01,167 - INFO - views - views.py - check MoviesView
2022-05-31 14:09:08,824 - INFO - views - views.py - check RentView
2022-05-31 14:09:18,394 - INFO - views - views.py - check LogoutView
2022-05-31 14:09:18,416 - INFO - views - views.py - check RentView
2022-05-31 14:09:21,345 - INFO - views - views.py - check MoviesView
2022-05-31 14:09:23,935 - INFO - views - views.py - check ActorView
2022-05-31 14:09:26,712 - INFO - views - views.py - check MembersView
2022-05-31 14:09:28,513 - INFO - views - views.py - check MoviesView
2022-05-31 14:09:29,701 - INFO - views - views.py - check MovieRentalInfoView
2022-05-31 14:09:30,666 - INFO - views - views.py - check RentView
2022-05-31 14:09:50,354 - INFO - views - views.py - check MoviesView
2022-05-31 14:09:52,015 - INFO - views - views.py - check MovieRentalInfoView
2022-05-31 14:09:53,417 - INFO - views - views.py - check MembersView
2022-05-31 14:09:54,413 - INFO - views - views.py - check ActorView
2022-05-31 14:10:37,481 - INFO - views - views.py - check RentView
2022-05-31 14:14:35,939 - INFO - views - views.py - check MoviesView
2022-05-31 14:14:39,453 - INFO - views - views.py - check MovieDetailView
2022-05-31 14:14:45,301 - INFO - views - views.py - check RentView
2022-05-31 14:14:46,766 - INFO - views - views.py - check ActorView
2022-05-31 14:14:51,829 - INFO - views - views.py - check MovieRentalInfoView
2022-05-31 14:14:58,194 - INFO - views - views.py - check MovieRentalInfoView
2022-05-31 14:15:01,207 - INFO - views - views.py - check RentView
2022-05-31 14:15:40,465 - INFO - views - views.py - check MoviesView
2022-05-31 14:16:45,977 - INFO - views - views.py - check LoginView
2022-05-31 14:17:40,078 - INFO - views - views.py - check LoginView
2022-05-31 14:17:40,440 - INFO - views - views.py - check RentView
2022-05-31 14:19:15,072 - INFO - views - views.py - check MoviesView
2022-05-31 14:19:54,691 - INFO - views - views.py - check MovieRentalView
2022-05-31 14:20:26,279 - INFO - views - views.py - check MovieRentalView
2022-05-31 14:20:29,015 - INFO - views - views.py - check RentView
2022-05-31 14:20:33,657 - INFO - views - views.py - check MovieRentalInfoView
2022-05-31 14:20:36,568 - INFO - views - views.py - check MovieRentalInfoView
2022-05-31 14:20:45,545 - INFO - views - views.py - check MovieRentalView
2022-05-31 14:20:46,540 - INFO - views - views.py - check MoviesView
2022-05-31 14:20:53,671 - INFO - views - views.py - check MovieUpdateView
2022-05-31 14:21:18,710 - INFO - views - views.py - check ActorView
2022-05-31 14:21:20,909 - INFO - views - views.py - check ActorCreateView
2022-05-31 14:21:32,524 - INFO - views - views.py - check MovieRentalView
2022-05-31 14:21:34,087 - INFO - views - views.py - check MovieRentalInfoView
2022-05-31 14:21:35,415 - INFO - views - views.py - check MoviesView
2022-05-31 14:21:38,881 - INFO - views - views.py - check MovieDetailView
2022-05-31 14:21:42,758 - INFO - views - views.py - check MovieDetailView
2022-05-31 14:21:58,052 - INFO - views - views.py - check MembersView
2022-05-31 14:22:38,217 - INFO - views - views.py - check MembersView
2022-05-31 14:23:19,226 - INFO - views - views.py - check MoviesView
2022-05-31 14:23:20,461 - INFO - views - views.py - check LogoutView
2022-05-31 14:23:20,476 - INFO - views - views.py - check RentView
2022-05-31 14:23:23,131 - INFO - views - views.py - check RegisterView
2022-05-31 14:50:36,561 - INFO - views - views.py - check RentView
2022-05-31 14:50:47,695 - INFO - views - views.py - check LoginView
2022-05-31 14:50:58,877 - INFO - views - views.py - check LoginView
2022-05-31 14:50:59,081 - INFO - views - views.py - check RentView
2022-05-31 14:51:04,741 - INFO - views - views.py - check MoviesView
2022-05-31 14:51:05,869 - INFO - views - views.py - check MovieRentalView
2022-05-31 14:51:07,518 - INFO - views - views.py - check MembersView
2022-05-31 14:51:08,769 - INFO - views - views.py - check MovieRentalView
2022-05-31 14:52:03,501 - INFO - views - views.py - check MovieRentalView
2022-05-31 14:58:39,516 - INFO - views - views.py - check MovieRentalView
2022-05-31 15:05:55,089 - INFO - views - views.py - check MovieRentalView
2022-05-31 15:06:16,680 - INFO - views - views.py - check RentView
2022-05-31 15:06:22,462 - INFO - views - views.py - check MovieRentalView
2022-05-31 15:08:05,787 - INFO - views - views.py - check RentView
2022-05-31 15:08:37,728 - INFO - views - views.py - check MoviesView
2022-05-31 15:08:39,491 - INFO - views - views.py - check MovieRentalView
2022-05-31 15:11:14,753 - INFO - views - views.py - check RentView
2022-05-31 15:11:17,666 - INFO - views - views.py - check MoviesView
2022-05-31 15:11:19,138 - INFO - views - views.py - check MovieRentalView
2022-05-31 15:52:17,216 - INFO - views - views.py - check RentView
2022-05-31 15:52:22,906 - INFO - views - views.py - check LogoutView
2022-05-31 15:52:22,942 - INFO - views - views.py - check RentView
2022-05-31 15:52:31,135 - INFO - views - views.py - check MembersView
2022-05-31 15:52:34,543 - INFO - views - views.py - check MoviesView
2022-05-31 15:52:37,342 - INFO - views - views.py - check MovieDetailView
2022-05-31 15:52:40,324 - INFO - views - views.py - check MovieRentalInfoView
2022-05-31 15:52:46,733 - INFO - views - views.py - check ActorView
2022-05-31 15:52:53,890 - INFO - views - views.py - check MoviesView
2022-05-31 15:52:55,592 - INFO - views - views.py - check MoviesView
2022-05-31 15:52:58,012 - INFO - views - views.py - check RentView
2022-05-31 15:53:01,528 - INFO - views - views.py - check RegisterView
2022-05-31 15:53:08,693 - INFO - views - views.py - check LoginView
2022-05-31 15:53:18,727 - INFO - views - views.py - check LoginView
2022-05-31 15:53:18,927 - INFO - views - views.py - check RentView
2022-05-31 15:53:29,373 - INFO - views - views.py - check MovieRentalView
2022-05-31 15:53:38,154 - INFO - views - views.py - check MembersView
2022-05-31 15:55:18,639 - INFO - views - views.py - check ActorView
2022-05-31 15:55:26,373 - INFO - views - views.py - check MovieRentalView
2022-05-31 15:56:35,770 - INFO - views - views.py - check RentView
2022-05-31 15:56:37,719 - INFO - views - views.py - check MovieRentalView
2022-05-31 15:56:46,622 - INFO - views - views.py - check MovieRentalView
2022-05-31 15:57:49,461 - INFO - views - views.py - check RentView
2022-05-31 15:57:55,052 - INFO - views - views.py - check MovieRentalInfoView
2022-05-31 15:58:00,791 - INFO - views - views.py - check LogoutView
2022-05-31 15:58:00,808 - INFO - views - views.py - check RentView
2022-05-31 15:59:19,207 - INFO - views - views.py - check RentView
2022-05-31 15:59:25,958 - INFO - views - views.py - check MoviesView
2022-05-31 22:07:50,139 - INFO - views - views.py - check RentView
2022-05-31 22:14:40,124 - INFO - views - views.py - check ActorView
2022-05-31 22:19:23,077 - INFO - views - views.py - check LoginView
2022-05-31 22:21:02,126 - INFO - views - views.py - check LoginView
2022-05-31 22:21:06,994 - INFO - views - views.py - check MoviesView
2022-05-31 22:21:14,403 - INFO - views - views.py - check MovieDetailView
2022-05-31 22:21:23,337 - INFO - views - views.py - check ActorView
2022-05-31 22:21:26,180 - INFO - views - views.py - check MembersView
2022-05-31 22:21:33,993 - INFO - views - views.py - check LoginView
2022-05-31 22:21:42,927 - INFO - views - views.py - check LoginView
2022-05-31 22:21:43,129 - INFO - views - views.py - check RentView
2022-05-31 22:22:48,873 - INFO - views - views.py - check MoviesView
2022-05-31 22:23:03,356 - INFO - views - views.py - check MovieUpdateView
2022-05-31 22:23:42,280 - INFO - views - views.py - check MovieUpdateView
2022-05-31 22:24:00,349 - INFO - views - views.py - check MovieUpdateView
2022-05-31 22:24:06,975 - INFO - views - views.py - check MovieUpdateView
2022-05-31 22:24:26,515 - INFO - views - views.py - check MovieCreateView
2022-05-31 22:24:36,911 - INFO - views - views.py - check MovieCreateView
2022-05-31 22:24:43,769 - INFO - views - views.py - check ActorView
2022-05-31 22:24:54,692 - INFO - views - views.py - check MembersView
2022-05-31 22:25:09,749 - INFO - views - views.py - check MovieRentalView
2022-05-31 22:25:24,256 - INFO - views - views.py - check MembersView
2022-05-31 22:25:26,382 - INFO - views - views.py - check MemberCreateView
2022-05-31 22:26:03,581 - INFO - views - views.py - check MemberCreateView
2022-05-31 22:26:06,070 - INFO - views - views.py - check RentView
2022-05-31 22:26:07,616 - INFO - views - views.py - check MembersView
2022-05-31 22:26:09,817 - INFO - views - views.py - check MovieRentalView
2022-05-31 22:26:45,881 - INFO - views - views.py - check RentView
2022-05-31 22:26:47,755 - INFO - views - views.py - check MoviesView
2022-05-31 22:26:55,097 - INFO - views - views.py - check ActorView
2022-05-31 22:26:56,033 - INFO - views - views.py - check MovieRentalInfoView
2022-05-31 22:26:59,790 - INFO - views - views.py - check MovieRentalInfoView
2022-05-31 22:27:13,580 - INFO - views - views.py - check MoviesView
2022-05-31 22:27:15,231 - INFO - views - views.py - check MovieCreateView
2022-05-31 22:27:19,678 - INFO - views - views.py - check RentView
2022-05-31 22:27:50,399 - INFO - views - views.py - check MoviesView
2022-05-31 22:27:52,260 - INFO - views - views.py - check MovieCreateView
2022-05-31 22:28:45,774 - INFO - views - views.py - check RentView
2022-05-31 22:29:02,342 - INFO - views - views.py - check LogoutView
2022-05-31 22:29:02,358 - INFO - views - views.py - check RentView
2022-05-31 22:29:04,545 - INFO - views - views.py - check RegisterView
2022-05-31 22:38:27,764 - INFO - views - views.py - check RentView
2022-05-31 22:38:32,232 - INFO - views - views.py - check MoviesView
2022-05-31 22:38:33,705 - INFO - views - views.py - check MovieRentalInfoView
2022-05-31 22:38:35,149 - INFO - views - views.py - check MembersView
2022-05-31 22:38:37,151 - INFO - views - views.py - check LoginView
2022-05-31 22:38:41,477 - INFO - views - views.py - check LoginView
2022-05-31 22:38:48,256 - INFO - views - views.py - check LoginView
2022-05-31 22:38:48,451 - INFO - views - views.py - check RentView
2022-05-31 23:37:11,078 - INFO - views - views.py - check RentView
2022-05-31 23:38:55,604 - INFO - views - views.py - check MoviesView
2022-05-31 23:38:56,890 - INFO - views - views.py - check MovieRentalView
2022-05-31 23:39:11,595 - INFO - views - views.py - check MovieRentalView
2022-05-31 23:39:16,970 - INFO - views - views.py - check MoviesView
2022-05-31 23:39:19,233 - INFO - views - views.py - check MembersView
2022-05-31 23:39:21,211 - INFO - views - views.py - check MovieRentalInfoView
2022-05-31 23:39:22,414 - INFO - views - views.py - check ActorView
2022-05-31 23:39:26,471 - INFO - views - views.py - check RentView
2022-05-31 23:40:07,626 - INFO - views - views.py - check RentView
2022-05-31 23:40:09,849 - INFO - views - views.py - check MembersView
2022-05-31 23:40:13,995 - INFO - views - views.py - check MemberDeleteView
2022-05-31 23:40:34,122 - INFO - views - views.py - check MembersView
2022-05-31 23:40:36,429 - INFO - views - views.py - check MemberDeleteView
2022-05-31 23:40:38,433 - INFO - views - views.py - check MemberDeleteView
2022-05-31 23:40:38,447 - INFO - views - views.py - check MembersView
2022-05-31 23:46:43,228 - INFO - views - views.py - check MembersView
2022-05-31 23:47:10,445 - INFO - views - views.py - check MemberUpdateView
2022-05-31 23:49:11,738 - INFO - views - views.py - check MembersView
2022-05-31 23:49:17,102 - INFO - views - views.py - check MemberUpdateView
2022-05-31 23:49:45,497 - INFO - views - views.py - check MemberUpdateView
2022-05-31 23:49:45,524 - INFO - views - views.py - check MembersView
2022-05-31 23:49:53,556 - INFO - views - views.py - check MovieRentalInfoView
2022-05-31 23:49:57,353 - INFO - views - views.py - check MoviesView
2022-05-31 23:49:59,496 - INFO - views - views.py - check MembersView
2022-05-31 23:53:24,670 - INFO - views - views.py - check MembersView
2022-05-31 23:53:27,030 - INFO - views - views.py - check MemberDeleteView
2022-05-31 23:53:31,414 - INFO - views - views.py - check MemberDeleteView
2022-05-31 23:53:45,670 - INFO - views - views.py - check MembersView
2022-05-31 23:53:47,582 - INFO - views - views.py - check MemberDeleteView
2022-05-31 23:54:33,797 - INFO - views - views.py - check MembersView
2022-05-31 23:54:36,314 - INFO - views - views.py - check MemberDeleteView
2022-05-31 23:54:38,733 - INFO - views - views.py - check MemberDeleteView
2022-05-31 23:54:57,247 - INFO - views - views.py - check MembersView
2022-05-31 23:55:17,677 - INFO - views - views.py - check MembersView
2022-05-31 23:55:25,144 - INFO - views - views.py - check MemberDeleteView
2022-05-31 23:55:31,627 - INFO - views - views.py - check MembersView
2022-05-31 23:55:39,522 - INFO - views - views.py - check MembersView
2022-05-31 23:55:59,047 - INFO - views - views.py - check MembersView
2022-05-31 23:56:01,299 - INFO - views - views.py - check MemberDeleteView
2022-05-31 23:56:02,807 - INFO - views - views.py - check MemberDeleteView
2022-05-31 23:56:02,830 - INFO - views - views.py - check MembersView
2022-05-31 23:56:05,130 - INFO - views - views.py - check MembersView
2022-05-31 23:59:33,327 - INFO - views - views.py - check MembersView
2022-05-31 23:59:35,285 - INFO - views - views.py - check MoviesView
2022-05-31 23:59:42,064 - INFO - views - views.py - check MoviesView
2022-06-01 00:03:01,019 - INFO - views - views.py - check MembersView
2022-06-01 00:03:03,213 - INFO - views - views.py - check MoviesView
2022-06-01 00:03:07,307 - INFO - views - views.py - check MoviesView
2022-06-01 00:03:13,552 - INFO - views - views.py - check MoviesView
2022-06-01 00:03:19,012 - INFO - views - views.py - check MoviesView
2022-06-01 00:03:19,372 - INFO - views - views.py - check MoviesView
2022-06-01 00:03:21,822 - INFO - views - views.py - check MoviesView
2022-06-01 00:03:24,602 - INFO - views - views.py - check MoviesView
2022-06-01 00:03:27,277 - INFO - views - views.py - check MoviesView
2022-06-01 00:03:29,345 - INFO - views - views.py - check RentView
2022-06-01 00:04:52,588 - INFO - views - views.py - check RentView
2022-06-01 00:04:54,356 - INFO - views - views.py - check RentView
2022-06-01 00:04:57,701 - INFO - views - views.py - check MoviesView
2022-06-01 00:04:59,921 - INFO - views - views.py - check RentView
2022-06-01 00:05:52,810 - INFO - views - views.py - check MoviesView
2022-06-01 00:05:54,478 - INFO - views - views.py - check MovieDetailView
2022-06-01 00:05:58,641 - INFO - views - views.py - check MovieDetailView
2022-06-01 00:06:07,421 - INFO - views - views.py - check MovieDetailView
2022-06-01 00:06:18,935 - INFO - views - views.py - check MovieDeleteView
2022-06-01 00:08:32,048 - INFO - views - views.py - check MembersView
2022-06-01 00:10:51,535 - INFO - views - views.py - check MovieRentalInfoView
2022-06-01 00:10:53,129 - INFO - views - views.py - check MovieRentalInfoView
2022-06-01 00:11:36,668 - INFO - views - views.py - check MovieRentalInfoView
2022-06-01 00:11:40,260 - INFO - views - views.py - check MovieRentalInfoView
2022-06-01 00:11:42,871 - INFO - views - views.py - check MovieRentalInfoView
2022-06-01 00:11:44,296 - INFO - views - views.py - check MovieRentalInfoView
2022-06-01 00:13:35,244 - INFO - views - views.py - check MoviesView
2022-06-01 00:13:37,281 - INFO - views - views.py - check MovieUpdateView
2022-06-01 00:14:05,568 - INFO - views - views.py - check MovieUpdateView
2022-06-01 00:14:12,203 - INFO - views - views.py - check MovieUpdateView
2022-06-01 00:14:39,885 - INFO - views - views.py - check MovieUpdateView
2022-06-01 00:14:39,913 - INFO - views - views.py - check MoviesView
2022-06-01 00:18:16,674 - INFO - views - views.py - check ActorView
2022-06-01 00:18:39,070 - INFO - views - views.py - check ActorDeleteView
2022-06-01 00:19:56,757 - INFO - views - views.py - check ActorUpdateView
2022-06-01 00:22:28,123 - INFO - views - views.py - check RentView
2022-06-01 00:22:29,578 - INFO - views - views.py - check MembersView
2022-06-01 00:22:31,403 - INFO - views - views.py - check MemberUpdateView
2022-06-01 00:22:34,410 - INFO - views - views.py - check MoviesView
2022-06-01 00:22:36,026 - INFO - views - views.py - check MovieDetailView
2022-06-01 00:22:37,751 - INFO - views - views.py - check MovieRentalView
2022-06-01 00:22:40,772 - INFO - views - views.py - check MovieRentalInfoView
2022-06-01 00:22:42,327 - INFO - views - views.py - check MovieRentalInfoView
2022-06-01 00:22:43,756 - INFO - views - views.py - check ActorView
2022-06-01 00:22:45,565 - INFO - views - views.py - check ActorUpdateView
2022-06-01 00:22:51,316 - INFO - views - views.py - check MoviesView
2022-06-01 00:22:53,582 - INFO - views - views.py - check MovieDeleteView
2022-06-01 00:22:55,319 - INFO - views - views.py - check MovieDeleteView
2022-06-01 00:22:55,336 - INFO - views - views.py - check MoviesView
2022-06-01 00:22:58,489 - INFO - views - views.py - check RentView
2022-06-01 00:23:44,891 - INFO - views - views.py - check RentView
2022-06-01 00:23:48,946 - INFO - views - views.py - check MembersView
2022-06-01 00:23:49,967 - INFO - views - views.py - check MoviesView
2022-06-01 00:23:50,972 - INFO - views - views.py - check MovieRentalView
2022-06-01 00:23:51,776 - INFO - views - views.py - check MovieRentalInfoView
2022-06-01 00:23:52,554 - INFO - views - views.py - check ActorView
2022-06-01 00:23:55,676 - INFO - views - views.py - check MembersView
2022-06-01 00:23:56,699 - INFO - views - views.py - check MoviesView
2022-06-01 00:23:58,265 - INFO - views - views.py - check MovieRentalView
2022-06-01 00:23:59,278 - INFO - views - views.py - check MovieRentalInfoView
2022-06-01 00:24:00,465 - INFO - views - views.py - check ActorView
2022-06-01 00:24:01,954 - INFO - views - views.py - check MovieRentalView
2022-06-01 00:24:03,921 - INFO - views - views.py - check MovieRentalInfoView
2022-06-01 00:24:05,613 - INFO - views - views.py - check RentView
2022-06-01 00:24:07,953 - INFO - views - views.py - check MembersView
2022-06-01 00:24:08,758 - INFO - views - views.py - check MoviesView
2022-06-01 00:24:10,136 - INFO - views - views.py - check MovieRentalView
2022-06-01 00:24:10,895 - INFO - views - views.py - check MovieRentalInfoView
2022-06-01 00:24:11,663 - INFO - views - views.py - check ActorView
2022-06-01 00:25:26,278 - INFO - views - views.py - check MoviesView
2022-06-01 00:25:45,599 - INFO - views - views.py - check MoviesView
2022-06-01 00:25:54,254 - INFO - views - views.py - check MovieRentalView
2022-06-01 00:26:25,851 - INFO - views - views.py - check MoviesView
2022-06-01 00:26:27,846 - INFO - views - views.py - check MoviesView
